#
# There is insufficient memory for the Java Runtime Environment to continue.
# Native memory allocation (mmap) failed to map 65536 bytes for Failed to commit area from 0x0000022594d10000 to 0x0000022594d20000 of length 65536.
# Possible reasons:
#   The system is out of physical RAM or swap space
#   The process is running with CompressedOops enabled, and the Java Heap may be blocking the growth of the native heap
# Possible solutions:
#   Reduce memory load on the system
#   Increase physical memory or swap space
#   Check if swap backing store is full
#   Decrease Java heap size (-Xmx/-Xms)
#   Decrease number of Java threads
#   Decrease Java thread stack sizes (-Xss)
#   Set larger code cache with -XX:ReservedCodeCacheSize=
# This output file may be truncated or incomplete.
#
#  Out of Memory Error (./src/hotspot/os/windows/os_windows.cpp:3303), pid=28036, tid=19500
#
# JRE version:  (11.0.9+11) (build )
# Java VM: OpenJDK 64-Bit Server VM (11.0.9+11-b1145.21, mixed mode, sharing, tiered, compressed oops, g1 gc, windows-amd64)
# No core dump will be written. Minidumps are not enabled by default on client versions of Windows
#

---------------  S U M M A R Y ------------

Command Line: org.jetbrains.git4idea.nativessh.GitNativeSshAskPassApp Enter passphrase for key '/c/Users/v_vqqdliu/.ssh/id_rsa': 

Host: Intel(R) Core(TM) i5-9500 CPU @ 3.00GHz, 6 cores, 15G,  Windows 10 , 64 bit Build 19041 (10.0.19041.804)
Time: Fri Mar 19 12:57:00 2021 中国标准时间 elapsed time: 0.031260 seconds (0d 0h 0m 0s)

---------------  T H R E A D  ---------------

Current thread (0x00000225fe78a800):  JavaThread "Unknown thread" [_thread_in_vm, id=19500, stack(0x000000d9a0500000,0x000000d9a0600000)]

Stack: [0x000000d9a0500000,0x000000d9a0600000]
Native frames: (J=compiled Java code, j=interpreted, Vv=VM code, C=native code)
V  [jvm.dll+0x5ed3ca]
V  [jvm.dll+0x722725]
V  [jvm.dll+0x723c7d]
V  [jvm.dll+0x724333]
V  [jvm.dll+0x242bd8]
V  [jvm.dll+0x5ea884]
V  [jvm.dll+0x5df995]
V  [jvm.dll+0x2fe13b]
V  [jvm.dll+0x2fe0aa]
V  [jvm.dll+0x2fdf82]
V  [jvm.dll+0x302f65]
V  [jvm.dll+0x34b595]
V  [jvm.dll+0x34bc86]
V  [jvm.dll+0x34b683]
V  [jvm.dll+0x2d8df8]
V  [jvm.dll+0x2d9f97]
V  [jvm.dll+0x701517]
V  [jvm.dll+0x702d0c]
V  [jvm.dll+0x358b39]
V  [jvm.dll+0x6e4f9e]
V  [jvm.dll+0x3c0db3]
V  [jvm.dll+0x3c2f61]
C  [jli.dll+0x5373]
C  [ucrtbase.dll+0x21bb2]
C  [KERNEL32.DLL+0x17034]
C  [ntdll.dll+0x4d241]


---------------  P R O C E S S  ---------------

Threads class SMR info:
_java_thread_list=0x00000225fce90480, length=0, elements={
}

Java Threads: ( => current thread )

Other Threads:
  0x00000225fe7a2800 GCTaskThread "GC Thread#0" [stack: 0x000000d9a0600000,0x000000d9a0700000] [id=7776]
  0x00000225fe7fe000 ConcurrentGCThread "G1 Main Marker" [stack: 0x000000d9a0700000,0x000000d9a0800000] [id=10736]
  0x00000225fe800800 ConcurrentGCThread "G1 Conc#0" [stack: 0x000000d9a0800000,0x000000d9a0900000] [id=19400]

[error occurred during error reporting (printing all threads), id 0xc0000005, EXCEPTION_ACCESS_VIOLATION (0xc0000005) at pc=0x00007ffac6b59397]

VM state:not at safepoint (not fully initialized)

VM Mutex/Monitor currently owned by a thread:  ([mutex/lock_event])
[0x00000225fe786470] Heap_lock - owner thread: 0x00000225fe78a800

Heap address: 0x0000000701c00000, size: 4068 MB, Compressed Oops mode: Non-zero based: 0x0000000701c00000
Narrow klass base: 0x0000000000000000, Narrow klass shift: 0

GC Heap History (0 events):
No events

Deoptimization events (0 events):
No events

Classes redefined (0 events):
No events

Internal exceptions (0 events):
No events

Events (1 events):
Event: 0.026 Loaded shared library D:\Program\WebStorm 2020.3\jbr\bin\zip.dll


Dynamic libraries:
0x00007ff6ac740000 - 0x00007ff6ac74a000 	D:\Program\WebStorm 2020.3\jbr\bin\java.exe
0x00007ffb119b0000 - 0x00007ffb11ba6000 	C:\Windows\SYSTEM32\ntdll.dll
0x00007ffb11660000 - 0x00007ffb1171d000 	C:\Windows\System32\KERNEL32.DLL
0x00007ffb0f200000 - 0x00007ffb0f4c9000 	C:\Windows\System32\KERNELBASE.dll
0x00007ffb0f740000 - 0x00007ffb0f840000 	C:\Windows\System32\ucrtbase.dll
0x00007ffae03a0000 - 0x00007ffae03b7000 	D:\Program\WebStorm 2020.3\jbr\bin\VCRUNTIME140.dll
0x00007ffadfb60000 - 0x00007ffadfb79000 	D:\Program\WebStorm 2020.3\jbr\bin\jli.dll
0x00007ffb0fa10000 - 0x00007ffb0fbb0000 	C:\Windows\System32\USER32.dll
0x00007ffb0f840000 - 0x00007ffb0f862000 	C:\Windows\System32\win32u.dll
0x00007ffb10cb0000 - 0x00007ffb10cda000 	C:\Windows\System32\GDI32.dll
0x00007ffb0f0f0000 - 0x00007ffb0f1fb000 	C:\Windows\System32\gdi32full.dll
0x00007ffb0f870000 - 0x00007ffb0f90d000 	C:\Windows\System32\msvcp_win.dll
0x00007ffaff0b0000 - 0x00007ffaff34b000 	C:\Windows\WinSxS\amd64_microsoft.windows.common-controls_6595b64144ccf1df_6.0.19041.746_none_ca02b4b61b8320a4\COMCTL32.dll
0x00007ffb103e0000 - 0x00007ffb1047e000 	C:\Windows\System32\msvcrt.dll
0x00007ffb10570000 - 0x00007ffb105a0000 	C:\Windows\System32\IMM32.DLL
0x00007ffad6d00000 - 0x00007ffad6d9d000 	D:\Program\WebStorm 2020.3\jbr\bin\msvcp140.dll
0x00007ffac6870000 - 0x00007ffac733e000 	D:\Program\WebStorm 2020.3\jbr\bin\server\jvm.dll
0x00007ffb11840000 - 0x00007ffb118ec000 	C:\Windows\System32\ADVAPI32.dll
0x00007ffb0fbb0000 - 0x00007ffb0fc4c000 	C:\Windows\System32\sechost.dll
0x00007ffb10190000 - 0x00007ffb102bb000 	C:\Windows\System32\RPCRT4.dll
0x00007ffb10940000 - 0x00007ffb10948000 	C:\Windows\System32\PSAPI.DLL
0x00007ffb04840000 - 0x00007ffb04849000 	C:\Windows\SYSTEM32\WSOCK32.dll
0x00007ffb105b0000 - 0x00007ffb1061b000 	C:\Windows\System32\WS2_32.dll
0x00007ffb098d0000 - 0x00007ffb098da000 	C:\Windows\SYSTEM32\VERSION.dll
0x00007ffb04420000 - 0x00007ffb04447000 	C:\Windows\SYSTEM32\WINMM.dll
0x00007ffb0da10000 - 0x00007ffb0da22000 	C:\Windows\SYSTEM32\kernel.appcore.dll
0x00007ffae4d50000 - 0x00007ffae4d61000 	D:\Program\WebStorm 2020.3\jbr\bin\verify.dll
0x00007ffb0d7d0000 - 0x00007ffb0d9b4000 	C:\Windows\SYSTEM32\DBGHELP.DLL
0x00007ffb06720000 - 0x00007ffb0674c000 	C:\Windows\SYSTEM32\dbgcore.DLL
0x00007ffb0f6c0000 - 0x00007ffb0f740000 	C:\Windows\System32\bcryptPrimitives.dll
0x00007ffadfe60000 - 0x00007ffadfe89000 	D:\Program\WebStorm 2020.3\jbr\bin\java.dll
0x00007ffb044a0000 - 0x00007ffb044ab000 	D:\Program\WebStorm 2020.3\jbr\bin\jimage.dll
0x00007ffadfe40000 - 0x00007ffadfe58000 	D:\Program\WebStorm 2020.3\jbr\bin\zip.dll

dbghelp: loaded successfully - version: 4.0.5 - missing functions: none
symbol engine: initialized successfully - sym options: 0x614 - pdb path: .;D:\Program\WebStorm 2020.3\jbr\bin;C:\Windows\SYSTEM32;C:\Windows\WinSxS\amd64_microsoft.windows.common-controls_6595b64144ccf1df_6.0.19041.746_none_ca02b4b61b8320a4;D:\Program\WebStorm 2020.3\jbr\bin\server

VM Arguments:
java_command: org.jetbrains.git4idea.nativessh.GitNativeSshAskPassApp Enter passphrase for key '/c/Users/v_vqqdliu/.ssh/id_rsa': 
java_class_path (initial): D:/Program/WebStorm 2020.3/plugins/git4idea/lib/git4idea-rt.jar;D:/Program/WebStorm 2020.3/lib/xmlrpc-2.0.1.jar;D:/Program/WebStorm 2020.3/lib/commons-codec-1.14.jar
Launcher Type: SUN_STANDARD

[Global flags]
     intx CICompilerCount                          = 3                                         {product} {ergonomic}
     uint ConcGCThreads                            = 2                                         {product} {ergonomic}
     uint G1ConcRefinementThreads                  = 6                                         {product} {ergonomic}
   size_t G1HeapRegionSize                         = 1048576                                   {product} {ergonomic}
    uintx GCDrainStackTargetSize                   = 64                                        {product} {ergonomic}
   size_t InitialHeapSize                          = 268435456                                 {product} {ergonomic}
   size_t MarkStackSize                            = 4194304                                   {product} {ergonomic}
   size_t MaxHeapSize                              = 4265607168                                {product} {ergonomic}
   size_t MinHeapDeltaBytes                        = 1048576                                   {product} {ergonomic}
    uintx NonNMethodCodeHeapSize                   = 5830732                                {pd product} {ergonomic}
    uintx NonProfiledCodeHeapSize                  = 122913754                              {pd product} {ergonomic}
    uintx ProfiledCodeHeapSize                     = 122913754                              {pd product} {ergonomic}
    uintx ReservedCodeCacheSize                    = 251658240                              {pd product} {ergonomic}
     bool SegmentedCodeCache                       = true                                      {product} {ergonomic}
     bool UseCompressedClassPointers               = true                                 {lp64_product} {ergonomic}
     bool UseCompressedOops                        = true                                 {lp64_product} {ergonomic}
     bool UseG1GC                                  = true                                      {product} {ergonomic}
     bool UseLargePagesIndividualAllocation        = false                                  {pd product} {ergonomic}

Logging:
Log output configuration:
 #0: stdout all=warning uptime,level,tags
 #1: stderr all=off uptime,level,tags

Environment Variables:
PATH=C:\Program Files\Git\mingw64\libexec\git-core;C:\Program Files\Git\mingw64\bin;C:\Program Files\Git\usr\bin;C:\Users\v_vqqdliu\bin;C:\Windows\system32;C:\Windows;C:\Windows\System32\Wbem;C:\Windows\System32\WindowsPowerShell\v1.0;C:\Windows\System32\OpenSSH;C:\Program Files\Git\cmd;D:\cmder;C:\Users\v_vqqdliu\AppData\Roaming\nvm;C:\Program Files\nodejs;C:\ProgramData\chocolatey\bin;D:\nginx-1.18.0;C:\Users\v_vqqdliu\AppData\Local\Microsoft\WindowsApps;C:\Users\v_vqqdliu\AppData\Local\Programs\Microsoft VS Code\bin;C:\Users\v_vqqdliu\AppData\Roaming\nvm;C:\Program Files\nodejs;C:\Program Files\JetBrains\WebStorm 2020.1\bin;C:\Users\v_vqqdliu\AppData\Local\UGit\app-2.1.2\resources\app\git\cmd;C:\Users\v_vqqdliu\AppData\Local\UGit\bin
USERNAME=v_vqqdliu
DISPLAY=:0.0
LC_ALL=en_US.UTF-8
OS=Windows_NT
PROCESSOR_IDENTIFIER=Intel64 Family 6 Model 158 Stepping 10, GenuineIntel



---------------  S Y S T E M  ---------------

OS: Windows 10 , 64 bit Build 19041 (10.0.19041.804)
OS uptime: 15 days 3:53 hours

CPU:total 6 (initial active 6) (6 cores per cpu, 1 threads per core) family 6 model 158 stepping 10, cmov, cx8, fxsr, mmx, sse, sse2, sse3, ssse3, sse4.1, sse4.2, popcnt, avx, avx2, aes, clmul, erms, rtm, 3dnowpref, lzcnt, tsc, tscinvbit, bmi1, bmi2, adx, fma

Memory: 4k page, system-wide physical 16266M (4637M free)
TotalPageFile size 22410M (AvailPageFile size 13M)
current process WorkingSet (physical memory assigned to process): 10M, peak: 10M
current process commit charge ("private bytes"): 314M, peak: 314M

vm_info: OpenJDK 64-Bit Server VM (11.0.9+11-b1145.21) for windows-amd64 JRE (11.0.9+11-b1145.21), built on Nov 21 2020 14:37:09 by "" with MS VC++ 14.0 (VS2015)

END.
